<?xml version="1.0" encoding="UTF-8"?>
<testsuite name="TestDelegatesExamples" tests="2" skipped="0" failures="0" errors="0" timestamp="2024-10-09T10:29:24" hostname="Air-Patrycja.eduroam2.pollub.pl" time="0.014">
  <properties/>
  <testcase name="testLazy" classname="TestDelegatesExamples" time="0.012"/>
  <testcase name="initializedOnce" classname="TestDelegatesExamples" time="0.001"/>
  <system-out><![CDATA[]]></system-out>
  <system-err><![CDATA[]]></system-err>
</testsuite>
