<?xml version="1.0" encoding="UTF-8"?>
<testsuite name="TestStringAndMapBuilders" tests="1" skipped="0" failures="0" errors="0" timestamp="2024-10-09T10:30:59" hostname="Air-Patrycja.eduroam2.pollub.pl" time="0.007">
  <properties/>
  <testcase name="testBuildMap" classname="TestStringAndMapBuilders" time="0.007"/>
  <system-out><![CDATA[]]></system-out>
  <system-err><![CDATA[]]></system-err>
</testsuite>
