<?xml version="1.0" encoding="UTF-8"?>
<testsuite name="TestLazyProperty" tests="2" skipped="0" failures="0" errors="0" timestamp="2024-10-09T10:28:40" hostname="Air-Patrycja.eduroam2.pollub.pl" time="0.008">
  <properties/>
  <testcase name="testLazy" classname="TestLazyProperty" time="0.007"/>
  <testcase name="initializedOnce" classname="TestLazyProperty" time="0.001"/>
  <system-out><![CDATA[]]></system-out>
  <system-err><![CDATA[]]></system-err>
</testsuite>
