<?xml version="1.0" encoding="UTF-8"?>
<testsuite name="TestTheFunctionWith" tests="2" skipped="0" failures="0" errors="0" timestamp="2024-10-09T10:31:38" hostname="Air-Patrycja.eduroam2.pollub.pl" time="0.028">
  <properties/>
  <testcase name="testCreateString" classname="TestTheFunctionWith" time="0.023"/>
  <testcase name="testCreateMap" classname="TestTheFunctionWith" time="0.003"/>
  <system-out><![CDATA[]]></system-out>
  <system-err><![CDATA[]]></system-err>
</testsuite>
