<?xml version="1.0" encoding="UTF-8"?>
<testsuite name="TestDelegatesHowItWorks" tests="1" skipped="0" failures="0" errors="0" timestamp="2024-10-09T10:29:46" hostname="Air-Patrycja.eduroam2.pollub.pl" time="0.02">
  <properties/>
  <testcase name="testDate" classname="TestDelegatesHowItWorks" time="0.02"/>
  <system-out><![CDATA[]]></system-out>
  <system-err><![CDATA[]]></system-err>
</testsuite>
