<?xml version="1.0" encoding="UTF-8"?>
<testsuite name="TestNamedArguments" tests="1" skipped="0" failures="0" errors="0" timestamp="2024-10-09T10:24:31" hostname="Air-Patrycja.eduroam2.pollub.pl" time="0.026">
  <properties/>
  <testcase name="testJoinToString" classname="TestNamedArguments" time="0.026"/>
  <system-out><![CDATA[]]></system-out>
  <system-err><![CDATA[]]></system-err>
</testsuite>
